### ISSUE TITLE
Windows 11 and aarch64

### ISSUE THREAD

**Issue by JayDDee** [JayDDee/cpuminer-opt#440]
This issue is opened to track an persistant but elusive segfault runing cpuminer-opt on an ARM CPU running Windows 11.
The test system is an Apple M2 host running Windows 11 as a virtual machine guest. 

cpuminer-opt-24.7 will be released shortly with support for Windows 11 on ARM with a workaround for the segfault.
This issue will be updated with further details once it is released.

**Comment by JayDDee** [comment]
A very similar, if not identical segfault was seen on  MacOS x86_64, a different CPU architecture and different OS. It was also observed the crash can occur on return from send_line, also suggesting stack corruption. It also suggests some randomness to the symptoms depending on what data has been corrupted.
The documented workaround for Windows on ARM64 did not work on MacOS x86_64 confirming the workaround was just dumb luck. 
The main common thread between these 2 samples is the use of Clang. When compiled with GCC on MacOS x86_64 it did not crash.
This also suggests MacOS on ARM4 compiled with Clang working may also be dumb luck. Fortunately MacOS can use GCC on both x86_64 and ARM64 and will become the recommended build procedure in the next release.
Unfortunately GCC Is not yet available for MSys2 on ARM64 so Windows on ARM64 will continue to be unpredictable and unsuportable.
The title of this issue will be changed to add Clang.

**Comment by JayDDee** [comment]
Not a lot of progress.
I rebuilt the MSys2 environment and nailed down precisely which packages are needed (Wiki updated). I also found the ARM64 package of Jansson so now cpuminer-opt will include the installed Jansson instead of compiling the source included in cpuminer-opt when building for Windows on ARM64.
This made no difference in the segfault. It still crashes without the workaround and works with the workaround. This eliminates Jansson as a possible cause.
The common factors in the 2 crash configurations are the use of Clang and using a VM. The host OSs are different, the guest OSs are different and the VM SW is different (qemu vs Virtualbox) but they're still VMs. 
The Clang versions are also different.
More data, that is more samples, are needed for better focus.

**Comment by JayDDee** [comment]
Here's a trace of the segfault created by adding printf that didn't affect the crash. The messages are self explanatory and show the lower 32 bits of the sctx pointer set to all 0. Additionally iit show it changed betwen the end of stratum_send_line and returning from stratum_send_line with no code in between except the function return.
The pointer is allocated on the stack, right after char *s, however it's likely it was in a register at the time. Only the lower 32 bits were trampled so it was a 32 bit operation performed on a 64 bit value without disturbing the uppper 32 bits. I see no legitimate reason to perform this kind of operation, especially if it was on a register.

`stratum_connect return`
`stratum_subscribe enter`
`sctx 00007FF64DBDB480: 85032770 000001dd 8506f540 000001dd`
`stratum_send_line returning`
`sctx 00007FF64DBDB480: 85032770 000001dd 8506f540 000001dd`
`s: 000001DD85103360: 7b 22 69 64 22 3a 20 31`
`stratum_subscribe: returned fron stratum_send_line`
`sctx 00007FF600000000`
`Segmentation fault`

**Comment by JayDDee** [comment]
Updating Windows-11 from 23h2 to 24h2 made no difference. That was expected because the OS is not suspect.
I was able to confirm register corruption specifically the lower 32 bits set to all zero. In the lldb log below note:
- the fault address:  0x7ff700000118,
- the fault instruction:  ldr x8, [x19,#0x118]
- the register dump:    x19 = 0x00007ff700000000

`
Process 2976 stopped
* thread #6, stop reason = Exception 0xc0000005 encountered at address 0x7ff79da3c7e0: Access violation reading location 0x7ff700000118
    frame #0: 0x00007ff79da3c7e0 cpuminer.exe`stratum_subscribe + 280
cpuminer.exe`stratum_subscribe:
->  0x7ff79da3c7e0 <+280>: ldr    x8, [x19, #0x118]
    0x7ff79da3c7e4 <+284>: mov    w9, #0x1 ; =1
    0x7ff79da3c7e8 <+288>: add    x1, sp, #0x110
    0x7ff79da3c7ec <+292>: add    x4, sp, #0x318
(lldb) register read
General Purpose Registers:
        x0 = 0x0000000000000001
        x1 = 0x000001b34517ae40
        x2 = 0x0000000000000001
        x3 = 0x00007ffbca3e4630  .refptr.ossl_cc_newreno_method + 9992
        x4 = 0x00000000000001d3
        x5 = 0x0000000000000000
        x6 = 0x0000000000000001
        x7 = 0x0000000000000000
        x8 = 0x0000000000000001
        x9 = 0x0000000000000000
       x10 = 0x0000000000000000
       x11 = 0x0000000000000000
       x12 = 0x0000000000000000
       x13 = 0x0000000000000000
       x14 = 0x0000000000000000
       x15 = 0x0000000000000000
       x16 = 0x00007ffc076a386c  libwinpthread-1.dll`pthread_mutex_unlock
       x17 = 0x0000000000000000
       x18 = 0x0000000000000000
       x19 = 0x00007ff700000000
       x20 = 0x0000000000000000
       x21 = 0x0000000000000000
       x22 = 0x0000000faacff8b0
       x23 = 0x000001b345619d90
       x24 = 0x00007ff79dbbb9e0  g_work_lock
       x25 = 0x00007ffc24accf60  ws2_32.dll`select
       x26 = 0x00007ff79db600fa  .refptr.optind + 1754
       x27 = 0x0000000000000000
       x28 = 0x0000000000000000
        fp = 0x00007ff79db60070  .refptr.optind + 1616
        lr = 0x00007ff79da3c8dc  cpuminer.exe`stratum_subscribe + 532
        sp = 0x0000000faacff7a0
        pc = 0x00007ff79da3c7e0  cpuminer.exe`stratum_subscribe + 280
      cpsr = 0x80000040

(lldb)
`

**Comment by JayDDee** [comment]
As of this date there is no change. Windows, MSys2 and the MACOS host were all updated. Still segfaults with default compile, works with ARM_WIN_HACK. Using clang-20.1.8, gcc still not available on MSys2 for ARM64.
